<?xml version="1.0" encoding="UTF-8"?>
<testsuite xmlns:xsi="http://www.w3.org/2001/XMLSchema-instance" xsi:noNamespaceSchemaLocation="https://maven.apache.org/surefire/maven-surefire-plugin/xsd/surefire-test-report.xsd" name="com.curso.CalculadoraTest" time="0.104" tests="4" errors="0" skipped="0" failures="4">
  <properties>
[...]
</properties>
  <testcase name="testSumarPositivos" classname="com.curso.CalculadoraTest" time="0.007">
    <failure message="expected:&lt;14&gt; but was:&lt;0&gt;" type="java.lang.AssertionError"><![CDATA[java.lang.AssertionError: expected:<14> but was:<0>
	at com.curso.CalculadoraTest.testSumarPositivos(CalculadoraTest.java:17)
]]></failure>
  </testcase>
  <testcase name="testSumarNegativos" classname="com.curso.CalculadoraTest" time="0.002">
    <failure message="expected:&lt;4&gt; but was:&lt;0&gt;" type="java.lang.AssertionError"><![CDATA[java.lang.AssertionError: expected:<4> but was:<0>
	at com.curso.CalculadoraTest.testSumarNegativos(CalculadoraTest.java:25)
]]></failure>
  </testcase>
  <testcase name="testSumarTodoNegativos" classname="com.curso.CalculadoraTest" time="0.008">
    <failure message="expected:&lt;-14&gt; but was:&lt;0&gt;" type="java.lang.AssertionError"><![CDATA[java.lang.AssertionError: expected:<-14> but was:<0>
	at com.curso.CalculadoraTest.testSumarTodoNegativos(CalculadoraTest.java:39)
]]></failure>
  </testcase>
  <testcase name="testSumarCero" classname="com.curso.CalculadoraTest" time="0">
    <failure message="expected:&lt;9&gt; but was:&lt;0&gt;" type="java.lang.AssertionError"><![CDATA[java.lang.AssertionError: expected:<9> but was:<0>
	at com.curso.CalculadoraTest.testSumarCero(CalculadoraTest.java:32)
]]></failure>
  </testcase>
</testsuite>