<?xml version="1.0" encoding="UTF-8"?>
<testsuite xmlns:xsi="http://www.w3.org/2001/XMLSchema-instance" xsi:noNamespaceSchemaLocation="https://maven.apache.org/surefire/maven-surefire-plugin/xsd/surefire-test-report.xsd" name="com.curso.CalculadoraTest" time="0.104" tests="4" errors="0" skipped="0" failures="4">
  <properties>
    <property name="sun.desktop" value="gnome"/>
    <property name="awt.toolkit" value="sun.awt.X11.XToolkit"/>
    <property name="file.encoding.pkg" value="sun.io"/>
    <property name="java.specification.version" value="1.8"/>
    <property name="sun.cpu.isalist" value=""/>
    <property name="sun.jnu.encoding" value="UTF-8"/>
    <property name="java.class.path" value="/home/curso/Escritorio/formacionDevops/websimple/target/test-classes:/home/curso/Escritorio/formacionDevops/websimple/target/classes:/home/curso/.m2/repository/junit/junit/4.11/junit-4.11.jar:/home/curso/.m2/repository/org/hamcrest/hamcrest-core/1.3/hamcrest-core-1.3.jar:"/>
    <property name="java.vm.vendor" value="Oracle Corporation"/>
    <property name="sun.arch.data.model" value="64"/>
    <property name="java.vendor.url" value="http://java.oracle.com/"/>
    <property name="user.timezone" value=""/>
    <property name="java.vm.specification.version" value="1.8"/>
    <property name="os.name" value="Linux"/>
    <property name="user.country" value="ES"/>
    <property name="sun.java.launcher" value="SUN_STANDARD"/>
    <property name="sun.boot.library.path" value="/opt/jdk/jdk1.8.0_261/jre/lib/amd64"/>
    <property name="sun.java.command" value="/home/curso/Escritorio/formacionDevops/websimple/target/surefire/surefirebooter1869370197677542986.jar /home/curso/Escritorio/formacionDevops/websimple/target/surefire 2021-01-19T10-53-45_938-jvmRun1 surefire1883897103869853968tmp surefire_05240184761546406482tmp"/>
    <property name="surefire.test.class.path" value="/home/curso/Escritorio/formacionDevops/websimple/target/test-classes:/home/curso/Escritorio/formacionDevops/websimple/target/classes:/home/curso/.m2/repository/junit/junit/4.11/junit-4.11.jar:/home/curso/.m2/repository/org/hamcrest/hamcrest-core/1.3/hamcrest-core-1.3.jar:"/>
    <property name="sun.cpu.endian" value="little"/>
    <property name="user.home" value="/home/curso"/>
    <property name="user.language" value="es"/>
    <property name="java.specification.vendor" value="Oracle Corporation"/>
    <property name="java.home" value="/opt/jdk/jdk1.8.0_261/jre"/>
    <property name="basedir" value="/home/curso/Escritorio/formacionDevops/websimple"/>
    <property name="file.separator" value="/"/>
    <property name="line.separator" value="&#10;"/>
    <property name="java.vm.specification.vendor" value="Oracle Corporation"/>
    <property name="java.specification.name" value="Java Platform API Specification"/>
    <property name="java.awt.graphicsenv" value="sun.awt.X11GraphicsEnvironment"/>
    <property name="surefire.real.class.path" value="/home/curso/Escritorio/formacionDevops/websimple/target/surefire/surefirebooter1869370197677542986.jar"/>
    <property name="sun.boot.class.path" value="/opt/jdk/jdk1.8.0_261/jre/lib/resources.jar:/opt/jdk/jdk1.8.0_261/jre/lib/rt.jar:/opt/jdk/jdk1.8.0_261/jre/lib/sunrsasign.jar:/opt/jdk/jdk1.8.0_261/jre/lib/jsse.jar:/opt/jdk/jdk1.8.0_261/jre/lib/jce.jar:/opt/jdk/jdk1.8.0_261/jre/lib/charsets.jar:/opt/jdk/jdk1.8.0_261/jre/lib/jfr.jar:/opt/jdk/jdk1.8.0_261/jre/classes"/>
    <property name="sun.management.compiler" value="HotSpot 64-Bit Tiered Compilers"/>
    <property name="java.runtime.version" value="1.8.0_261-b12"/>
    <property name="user.name" value="curso"/>
    <property name="path.separator" value=":"/>
    <property name="os.version" value="5.8.0-38-generic"/>
    <property name="java.endorsed.dirs" value="/opt/jdk/jdk1.8.0_261/jre/lib/endorsed"/>
    <property name="java.runtime.name" value="Java(TM) SE Runtime Environment"/>
    <property name="file.encoding" value="UTF-8"/>
    <property name="java.vm.name" value="Java HotSpot(TM) 64-Bit Server VM"/>
    <property name="localRepository" value="/home/curso/.m2/repository"/>
    <property name="java.vendor.url.bug" value="http://bugreport.sun.com/bugreport/"/>
    <property name="java.io.tmpdir" value="/tmp"/>
    <property name="java.version" value="1.8.0_261"/>
    <property name="user.dir" value="/home/curso/Escritorio/formacionDevops/websimple"/>
    <property name="os.arch" value="amd64"/>
    <property name="java.vm.specification.name" value="Java Virtual Machine Specification"/>
    <property name="java.awt.printerjob" value="sun.print.PSPrinterJob"/>
    <property name="sun.os.patch.level" value="unknown"/>
    <property name="java.library.path" value="/usr/java/packages/lib/amd64:/usr/lib64:/lib64:/lib:/usr/lib"/>
    <property name="java.vm.info" value="mixed mode"/>
    <property name="java.vendor" value="Oracle Corporation"/>
    <property name="java.vm.version" value="25.261-b12"/>
    <property name="java.ext.dirs" value="/opt/jdk/jdk1.8.0_261/jre/lib/ext:/usr/java/packages/lib/ext"/>
    <property name="sun.io.unicode.encoding" value="UnicodeLittle"/>
    <property name="java.class.version" value="52.0"/>
  </properties>
  <testcase name="testSumarPositivos" classname="com.curso.CalculadoraTest" time="0.007">
    <failure message="expected:&lt;14&gt; but was:&lt;0&gt;" type="java.lang.AssertionError"><![CDATA[java.lang.AssertionError: expected:<14> but was:<0>
	at com.curso.CalculadoraTest.testSumarPositivos(CalculadoraTest.java:17)
]]></failure>
  </testcase>
  <testcase name="testSumarNegativos" classname="com.curso.CalculadoraTest" time="0.002">
    <failure message="expected:&lt;4&gt; but was:&lt;0&gt;" type="java.lang.AssertionError"><![CDATA[java.lang.AssertionError: expected:<4> but was:<0>
	at com.curso.CalculadoraTest.testSumarNegativos(CalculadoraTest.java:25)
]]></failure>
  </testcase>
  <testcase name="testSumarTodoNegativos" classname="com.curso.CalculadoraTest" time="0.008">
    <failure message="expected:&lt;-14&gt; but was:&lt;0&gt;" type="java.lang.AssertionError"><![CDATA[java.lang.AssertionError: expected:<-14> but was:<0>
	at com.curso.CalculadoraTest.testSumarTodoNegativos(CalculadoraTest.java:39)
]]></failure>
  </testcase>
  <testcase name="testSumarCero" classname="com.curso.CalculadoraTest" time="0">
    <failure message="expected:&lt;9&gt; but was:&lt;0&gt;" type="java.lang.AssertionError"><![CDATA[java.lang.AssertionError: expected:<9> but was:<0>
	at com.curso.CalculadoraTest.testSumarCero(CalculadoraTest.java:32)
]]></failure>
  </testcase>
</testsuite>